This is pdfTeX, Version 3.14159265-2.6-1.40.20 (TeX Live 2019/Debian) (preloaded format=pdflatex 2020.11.3)  14 NOV 2020 14:07
entering extended mode
 restricted \write18 enabled.
 %&-line parsing enabled.
**rapport.tex
(./rapport.tex
LaTeX2e <2020-02-02> patch level 2
L3 programming layer <2020-02-14>
(/usr/share/texlive/texmf-dist/tex/latex/base/article.cls
Document Class: article 2019/12/20 v1.4l Standard LaTeX document class
(/usr/share/texlive/texmf-dist/tex/latex/base/size10.clo
File: size10.clo 2019/12/20 v1.4l Standard LaTeX file (size option)
)
\c@part=\count167
\c@section=\count168
\c@subsection=\count169
\c@subsubsection=\count170
\c@paragraph=\count171
\c@subparagraph=\count172
\c@figure=\count173
\c@table=\count174
\abovecaptionskip=\skip47
\belowcaptionskip=\skip48
\bibindent=\dimen134
)
(/usr/share/texlive/texmf-dist/tex/latex/base/inputenc.sty
Package: inputenc 2018/08/11 v1.3c Input encoding file
\inpenc@prehook=\toks14
\inpenc@posthook=\toks15
)
(/usr/share/texlive/texmf-dist/tex/latex/graphics/graphicx.sty
Package: graphicx 2019/11/30 v1.2a Enhanced LaTeX Graphics (DPC,SPQR)

(/usr/share/texlive/texmf-dist/tex/latex/graphics/keyval.sty
Package: keyval 2014/10/28 v1.15 key=value parser (DPC)
\KV@toks@=\toks16
)
(/usr/share/texlive/texmf-dist/tex/latex/graphics/graphics.sty
Package: graphics 2019/11/30 v1.4a Standard LaTeX Graphics (DPC,SPQR)

(/usr/share/texlive/texmf-dist/tex/latex/graphics/trig.sty
Package: trig 2016/01/03 v1.10 sin cos tan (DPC)
)
(/usr/share/texlive/texmf-dist/tex/latex/graphics-cfg/graphics.cfg
File: graphics.cfg 2016/06/04 v1.11 sample graphics configuration
)
Package graphics Info: Driver file: pdftex.def on input line 105.

(/usr/share/texlive/texmf-dist/tex/latex/graphics-def/pdftex.def
File: pdftex.def 2018/01/08 v1.0l Graphics/color driver for pdftex
))
\Gin@req@height=\dimen135
\Gin@req@width=\dimen136
)
(/usr/share/texlive/texmf-dist/tex/latex/graphics/color.sty
Package: color 2019/11/23 v1.2a Standard LaTeX Color (DPC)

(/usr/share/texlive/texmf-dist/tex/latex/graphics-cfg/color.cfg
File: color.cfg 2016/01/02 v1.6 sample color configuration
)
Package color Info: Driver file: pdftex.def on input line 147.
)
(/usr/share/texlive/texmf-dist/tex/latex/float/float.sty
Package: float 2001/11/08 v1.3d Float enhancements (AL)
\c@float@type=\count175
\float@exts=\toks17
\float@box=\box45
\@float@everytoks=\toks18
\@floatcapt=\box46
)
(/usr/share/texlive/texmf-dist/tex/latex/graphviz/graphviz.sty
Package: graphviz 2013/08/15 v0.94 .dtx graphviz file
)
(/usr/share/texlive/texmf-dist/tex/latex/geometry/geometry.sty
Package: geometry 2020/01/02 v5.9 Page Geometry

(/usr/share/texlive/texmf-dist/tex/generic/iftex/ifvtex.sty
Package: ifvtex 2019/10/25 v1.7 ifvtex legacy package. Use iftex instead.

(/usr/share/texlive/texmf-dist/tex/generic/iftex/iftex.sty
Package: iftex 2019/11/07 v1.0c TeX engine tests
))
\Gm@cnth=\count176
\Gm@cntv=\count177
\c@Gm@tempcnt=\count178
\Gm@bindingoffset=\dimen137
\Gm@wd@mp=\dimen138
\Gm@odd@mp=\dimen139
\Gm@even@mp=\dimen140
\Gm@layoutwidth=\dimen141
\Gm@layoutheight=\dimen142
\Gm@layouthoffset=\dimen143
\Gm@layoutvoffset=\dimen144
\Gm@dimlist=\toks19
)
(/usr/share/texlive/texmf-dist/tex/latex/l3backend/l3backend-pdfmode.def
File: l3backend-pdfmode.def 2020-02-03 L3 backend support: PDF mode
\l__kernel_color_stack_int=\count179
\l__pdf_internal_box=\box47
)
(./rapport.aux)
\openout1 = `rapport.aux'.

LaTeX Font Info:    Checking defaults for OML/cmm/m/it on input line 12.
LaTeX Font Info:    ... okay on input line 12.
LaTeX Font Info:    Checking defaults for OMS/cmsy/m/n on input line 12.
LaTeX Font Info:    ... okay on input line 12.
LaTeX Font Info:    Checking defaults for OT1/cmr/m/n on input line 12.
LaTeX Font Info:    ... okay on input line 12.
LaTeX Font Info:    Checking defaults for T1/cmr/m/n on input line 12.
LaTeX Font Info:    ... okay on input line 12.
LaTeX Font Info:    Checking defaults for TS1/cmr/m/n on input line 12.
LaTeX Font Info:    ... okay on input line 12.
LaTeX Font Info:    Checking defaults for OMX/cmex/m/n on input line 12.
LaTeX Font Info:    ... okay on input line 12.
LaTeX Font Info:    Checking defaults for U/cmr/m/n on input line 12.
LaTeX Font Info:    ... okay on input line 12.

(/usr/share/texlive/texmf-dist/tex/context/base/mkii/supp-pdf.mkii
[Loading MPS to PDF converter (version 2006.09.02).]
\scratchcounter=\count180
\scratchdimen=\dimen145
\scratchbox=\box48
\nofMPsegments=\count181
\nofMParguments=\count182
\everyMPshowfont=\toks20
\MPscratchCnt=\count183
\MPscratchDim=\dimen146
\MPnumerator=\count184
\makeMPintoPDFobject=\count185
\everyMPtoPDFconversion=\toks21
) (/usr/share/texlive/texmf-dist/tex/latex/epstopdf-pkg/epstopdf-base.sty
Package: epstopdf-base 2020-01-24 v2.11 Base part for package epstopdf
Package epstopdf-base Info: Redefining graphics rule for `.eps' on input line 4
85.

(/usr/share/texlive/texmf-dist/tex/latex/latexconfig/epstopdf-sys.cfg
File: epstopdf-sys.cfg 2010/07/13 v1.3 Configuration of (r)epstopdf for TeX Liv
e
))
*geometry* driver: auto-detecting
*geometry* detected driver: pdftex
*geometry* verbose mode - [ preamble ] result:
* driver: pdftex
* paper: <default>
* layout: <same size as paper>
* layoutoffset:(h,v)=(0.0pt,0.0pt)
* modes: 
* h-part:(L,W,R)=(71.13188pt, 472.03123pt, 71.13188pt)
* v-part:(T,H,B)=(42.67912pt, 709.61174pt, 42.67912pt)
* \paperwidth=614.295pt
* \paperheight=794.96999pt
* \textwidth=472.03123pt
* \textheight=709.61174pt
* \oddsidemargin=-1.1381pt
* \evensidemargin=-1.1381pt
* \topmargin=-66.59087pt
* \headheight=12.0pt
* \headsep=25.0pt
* \topskip=10.0pt
* \footskip=30.0pt
* \marginparwidth=65.0pt
* \marginparsep=11.0pt
* \columnsep=10.0pt
* \skip\footins=9.0pt plus 4.0pt minus 2.0pt
* \hoffset=0.0pt
* \voffset=0.0pt
* \mag=1000
* \@twocolumnfalse
* \@twosidefalse
* \@mparswitchfalse
* \@reversemarginfalse
* (1in=72.27pt=25.4mm, 1cm=28.453pt)

<inp_n7.png, id=1, 428.35031pt x 69.25874pt>
File: inp_n7.png Graphic file (type png)
<use inp_n7.png>
Package pdftex.def Info: inp_n7.png  used on input line 16.
(pdftex.def)             Requested size: 142.26378pt x 23.00233pt.
LaTeX Font Info:    External font `cmex10' loaded for size
(Font)              <12> on input line 24.
LaTeX Font Info:    External font `cmex10' loaded for size
(Font)              <8> on input line 24.
LaTeX Font Info:    External font `cmex10' loaded for size
(Font)              <6> on input line 24.
[1

{/var/lib/texmf/fonts/map/pdftex/updmap/pdftex.map} <./inp_n7.png>]
(./rapport.toc
LaTeX Font Info:    External font `cmex10' loaded for size
(Font)              <7> on input line 3.
LaTeX Font Info:    External font `cmex10' loaded for size
(Font)              <5> on input line 3.
)
\tf@toc=\write3
\openout3 = `rapport.toc'.

 [2]
<SimplePDL.png, id=15, 12644.23875pt x 3979.86874pt>
File: SimplePDL.png Graphic file (type png)
<use SimplePDL.png>
Package pdftex.def Info: SimplePDL.png  used on input line 41.
(pdftex.def)             Requested size: 512.1496pt x 161.17166pt.

Overfull \hbox (40.11836pt too wide) in paragraph at lines 41--42
 [][] 
 []


Overfull \hbox (32.49733pt too wide) in paragraph at lines 55--59
[]\OT1/cmr/m/n/10 Pour pren-dre en compte l'utilisation des ressources on a ajo
ut^^Se les deux classes : \OT1/cmr/bx/n/10 Ressource \OT1/cmr/m/n/10 et \OT1/cm
r/bx/n/10 Ressource[]Usage
 []

<PetriNet.png, id=17, 598.6365pt x 339.669pt>
File: PetriNet.png Graphic file (type png)
<use PetriNet.png>
Package pdftex.def Info: PetriNet.png  used on input line 78.
(pdftex.def)             Requested size: 512.1496pt x 290.59622pt.

Overfull \hbox (40.11836pt too wide) in paragraph at lines 78--79
 [][] 
 []

[3 <./SimplePDL.png>] [4 <./PetriNet.png>]
<SiriusGraphic.png, id=29, 1124.2pt x 509.905pt>
File: SiriusGraphic.png Graphic file (type png)
<use SiriusGraphic.png>
Package pdftex.def Info: SiriusGraphic.png  used on input line 106.
(pdftex.def)             Requested size: 512.1496pt x 232.29501pt.

Overfull \hbox (40.11836pt too wide) in paragraph at lines 106--107
 [][] 
 []

[5 <./SiriusGraphic.png>]
<SimplePDLXtext.png, id=34, 937.70325pt x 387.849pt>
File: SimplePDLXtext.png Graphic file (type png)
<use SimplePDLXtext.png>
Package pdftex.def Info: SimplePDLXtext.png  used on input line 168.
(pdftex.def)             Requested size: 512.1496pt x 211.83215pt.

Overfull \hbox (40.11836pt too wide) in paragraph at lines 168--169
 [][] 
 []


Overfull \hbox (3.90314pt too wide) in paragraph at lines 171--171
[]\OT1/cmr/bx/n/14.4 Transformation Sim-plePDL vers PetriNet en util-isant EMF/
Java 
 []


Overfull \hbox (7.93286pt too wide) in paragraph at lines 172--174
\OT1/cmr/m/n/10 de d^^Sefinir une trans-for-ma-tion de Sim-plePDL vers PetriNet
 en util-isant Java (voir \OT1/cmr/bx/n/10 Sim-plePDL2PetriNet.java\OT1/cmr/m/n
/10 ) 
 []

[6 <./SimplePDLXtext.png>]
<pdl-simple.png, id=40, 168.63pt x 221.82875pt>
File: pdl-simple.png Graphic file (type png)
<use pdl-simple.png>
Package pdftex.def Info: pdl-simple.png  used on input line 207.
(pdftex.def)             Requested size: 85.35826pt x 112.28833pt.
<net-simple.png, id=41, 484.81125pt x 540.8205pt>
File: net-simple.png Graphic file (type png)
<use net-simple.png>
Package pdftex.def Info: net-simple.png  used on input line 212.
(pdftex.def)             Requested size: 284.52756pt x 317.41437pt.
 [7 <./pdl-simple.png>]
<selt-simple.png, id=47, 593.21625pt x 371.58826pt>
File: selt-simple.png Graphic file (type png)
<use selt-simple.png>
Package pdftex.def Info: selt-simple.png  used on input line 238.
(pdftex.def)             Requested size: 426.79134pt x 267.35056pt.
 [8 <./net-simple.png>]
<pdl-sujet.png, id=52, 529.98pt x 140.32425pt>
File: pdl-sujet.png Graphic file (type png)
<use pdl-sujet.png>
Package pdftex.def Info: pdl-sujet.png  used on input line 244.
(pdftex.def)             Requested size: 426.79134pt x 113.00467pt.
<net-sujet.png, id=53, 1174.3875pt x 2253.41875pt>
File: net-sujet.png Graphic file (type png)
<use net-sujet.png>
Package pdftex.def Info: net-sujet.png  used on input line 249.
(pdftex.def)             Requested size: 284.52756pt x 545.95482pt.

[9 <./selt-simple.png> <./pdl-sujet.png>]
Overfull \hbox (163.21323pt too wide) in paragraph at lines 269--269
[]    \OT1/cmtt/m/n/10 op finished = Conception_finished /\  RedactionDoc_finis
hed /\  Developpement_finished /\  RedactionTests_finished  ;[] 
 []

[10 <./net-sujet.png>]
<selt-sujet.png, id=63, 366.168pt x 529.98pt>
File: selt-sujet.png Graphic file (type png)
<use selt-sujet.png>
Package pdftex.def Info: selt-sujet.png  used on input line 273.
(pdftex.def)             Requested size: 426.79134pt x 617.73698pt.
 [11] [12 <./selt-sujet.png>]
<net-saisons.png, id=71, 190.311pt x 195.129pt>
File: net-saisons.png Graphic file (type png)
<use net-saisons.png>
Package pdftex.def Info: net-saisons.png  used on input line 286.
(pdftex.def)             Requested size: 142.26378pt x 145.87297pt.
<dot-saisons.png, id=72, 899.36pt x 869.2475pt>
File: dot-saisons.png Graphic file (type png)
<use dot-saisons.png>
Package pdftex.def Info: dot-saisons.png  used on input line 304.
(pdftex.def)             Requested size: 284.52756pt x 274.99487pt.
<net-prodcons.png, id=73, 389.65575pt x 167.4255pt>
File: net-prodcons.png Graphic file (type png)
<use net-prodcons.png>
Package pdftex.def Info: net-prodcons.png  used on input line 309.
(pdftex.def)             Requested size: 284.52756pt x 122.26302pt.
 [13 <./net-saisons.png> <./dot-saisons.png>]
<dot-prodcons.png, id=80, 1066.98625pt x 391.4625pt>
File: dot-prodcons.png Graphic file (type png)
<use dot-prodcons.png>
Package pdftex.def Info: dot-prodcons.png  used on input line 328.
(pdftex.def)             Requested size: 426.79134pt x 156.58221pt.
 [14 <./net-prodcons.png> <./dot-prodcons.png>] (./rapport.aux) ) 
Here is how much of TeX's memory you used:
 1942 strings out of 481239
 28457 string characters out of 5920377
 271851 words of memory out of 5000000
 17201 multiletter control sequences out of 15000+600000
 537403 words of font info for 41 fonts, out of 8000000 for 9000
 1141 hyphenation exceptions out of 8191
 30i,7n,28p,374b,261s stack positions out of 5000i,500n,10000p,200000b,80000s
{/usr/share/te
xmf/fonts/enc/dvips/cm-super/cm-super-ts1.enc}</usr/share/texlive/texmf-dist/fo
nts/type1/public/amsfonts/cm/cmbx10.pfb></usr/share/texlive/texmf-dist/fonts/ty
pe1/public/amsfonts/cm/cmbx12.pfb></usr/share/texlive/texmf-dist/fonts/type1/pu
blic/amsfonts/cm/cmmi10.pfb></usr/share/texlive/texmf-dist/fonts/type1/public/a
msfonts/cm/cmr10.pfb></usr/share/texlive/texmf-dist/fonts/type1/public/amsfonts
/cm/cmr12.pfb></usr/share/texlive/texmf-dist/fonts/type1/public/amsfonts/cm/cms
y10.pfb></usr/share/texlive/texmf-dist/fonts/type1/public/amsfonts/cm/cmtt10.pf
b></usr/share/texmf/fonts/type1/public/cm-super/sfrm1000.pfb>
Output written on rapport.pdf (14 pages, 2149708 bytes).
PDF statistics:
 114 PDF objects out of 1000 (max. 8388607)
 59 compressed objects within 1 object stream
 0 named destinations out of 1000 (max. 500000)
 76 words of extra memory for PDF output out of 10000 (max. 10000000)

